<?xml version="1.0" encoding="UTF-8"?>
<coverage generated="1621506989117" clover="3.2.0">
  <project timestamp="1621506989118" name="All files">
    <metrics statements="4" coveredstatements="4" conditionals="4" coveredconditionals="1" methods="1" coveredmethods="1" elements="9" coveredelements="6" complexity="0" loc="4" ncloc="4" packages="1" files="1" classes="1"/>
    <file name="AppLayout.js" path="C:\Users\USER\Documents\TedbreeProject\src\components\AppLayout.js">
      <metrics statements="4" coveredstatements="4" conditionals="4" coveredconditionals="1" methods="1" coveredmethods="1"/>
      <line num="6" count="1" type="stmt"/>
      <line num="7" count="1" type="stmt"/>
      <line num="25" count="1" type="stmt"/>
      <line num="29" count="1" type="stmt"/>
    </file>
  </project>
</coverage>
