{"C:\\Users\\USER\\Documents\\TedbreeProject\\src\\components\\AppLayout.js": {"path":"C:\\Users\\USER\\Documents\\TedbreeProject\\src\\components\\AppLayout.js","statementMap":{"0":{"start":{"line":6,"column":18},"end":{"line":23,"column":1}},"1":{"start":{"line":7,"column":2},"end":{"line":22,"column":17}},"2":{"start":{"line":25,"column":0},"end":{"line":27,"column":2}},"3":{"start":{"line":29,"column":15},"end":{"line":38,"column":2}}},"fnMap":{"0":{"name":"(anonymous_0)","decl":{"start":{"line":6,"column":18},"end":{"line":6,"column":19}},"loc":{"start":{"line":7,"column":2},"end":{"line":22,"column":17}},"line":7}},"branchMap":{"0":{"loc":{"start":{"line":8,"column":5},"end":{"line":20,"column":5}},"type":"binary-expr","locations":[{"start":{"line":8,"column":5},"end":{"line":8,"column":21}},{"start":{"line":9,"column":6},"end":{"line":19,"column":8}}],"line":8},"1":{"loc":{"start":{"line":17,"column":28},"end":{"line":17,"column":73}},"type":"cond-expr","locations":[{"start":{"line":17,"column":48},"end":{"line":17,"column":57}},{"start":{"line":17,"column":60},"end":{"line":17,"column":73}}],"line":17}},"s":{"0":1,"1":1,"2":1,"3":1},"f":{"0":1},"b":{"0":[1,0],"1":[0,0]},"_coverageSchema":"1a1c01bbd47fc00a2c39e90264f33305004495a9","hash":"b44bcfc30f04b29160074d9f35d7f0e63c5da128"}
}
